proguard/mapping.txt
com.google.android.gms.internal.zzrz$zzc -> com.google.android.gms.internal.zzrz$zzc:
    com.google.android.gms.common.api.GoogleApiClient zzYC -> zzYC
    java.lang.String zzbbz -> zzbbz
    boolean zzbbx -> zzbbx
    void zza(com.google.android.gms.internal.zzry) -> zza
    com.google.android.gms.search.SearchAuthApi$GoogleNowAuthResult zzbg(com.google.android.gms.common.api.Status) -> zzbg
    void zza(com.google.android.gms.common.api.Api$zzb) -> zza
    com.google.android.gms.common.api.Result zzc(com.google.android.gms.common.api.Status) -> zzc
    boolean zza(com.google.android.gms.internal.zzrz$zzc) -> zza
com.google.android.gms.internal.zzrz$zzc$1 -> com.google.android.gms.internal.zzrz$zzc$1:
    com.google.android.gms.internal.zzrz$zzc zzbbA -> zzbbA
    void zza(com.google.android.gms.common.api.Status,com.google.android.gms.search.GoogleNowAuthState) -> zza
com.google.android.gms.internal.zzrz$zzd -> com.google.android.gms.internal.zzrz$zzd:
    com.google.android.gms.common.api.Status zzTA -> zzTA
    com.google.android.gms.search.GoogleNowAuthState zzbbB -> zzbbB
    com.google.android.gms.common.api.Status getStatus() -> getStatus
    com.google.android.gms.search.GoogleNowAuthState getGoogleNowAuthState() -> getGoogleNowAuthState
com.google.android.gms.internal.zzs -> com.google.android.gms.internal.zzs:
    java.lang.String TAG -> TAG
    boolean DEBUG -> DEBUG
    void zza(java.lang.String,java.lang.Object[]) -> zza
    void zzb(java.lang.String,java.lang.Object[]) -> zzb
    void zzc(java.lang.String,java.lang.Object[]) -> zzc
    void zza(java.lang.Throwable,java.lang.String,java.lang.Object[]) -> zza
    java.lang.String zzd(java.lang.String,java.lang.Object[]) -> zzd
com.google.android.gms.internal.zzs$zza -> com.google.android.gms.internal.zzs$zza:
    boolean zzak -> zzak
    java.util.List zzal -> zzal
    boolean zzam -> zzam
    void zza(java.lang.String,long) -> zza
    void zzd(java.lang.String) -> zzd
    void finalize() -> finalize
    long zzx() -> zzx
com.google.android.gms.internal.zzs$zza$zza -> com.google.android.gms.internal.zzs$zza$zza:
    java.lang.String name -> name
    long zzan -> zzan
    long time -> time
com.google.android.gms.internal.zzsa -> com.google.android.gms.internal.zzsa:
    com.google.android.gms.common.api.Api$zzc zzTo -> zzTo
    com.google.android.gms.common.api.Api$zzc zzatI -> zzatI
    com.google.android.gms.common.api.Api$zza zzTp -> zzTp
    com.google.android.gms.common.api.Api$zza zzbbE -> zzbbE
    com.google.android.gms.common.api.Scope zzVA -> zzVA
    com.google.android.gms.common.api.Scope zzVB -> zzVB
    com.google.android.gms.common.api.Api API -> API
    com.google.android.gms.common.api.Api zzamM -> zzamM
    com.google.android.gms.internal.zzsb zzbbF -> zzbbF
com.google.android.gms.internal.zzsa$1 -> com.google.android.gms.internal.zzsa$1:
    com.google.android.gms.signin.internal.zzi zza(android.content.Context,android.os.Looper,com.google.android.gms.common.internal.zzf,com.google.android.gms.internal.zzsd,com.google.android.gms.common.api.GoogleApiClient$ConnectionCallbacks,com.google.android.gms.common.api.GoogleApiClient$OnConnectionFailedListener) -> zza
    com.google.android.gms.common.api.Api$zzb zza(android.content.Context,android.os.Looper,com.google.android.gms.common.internal.zzf,java.lang.Object,com.google.android.gms.common.api.GoogleApiClient$ConnectionCallbacks,com.google.android.gms.common.api.GoogleApiClient$OnConnectionFailedListener) -> zza