proguard/usage.txt
com.hotdealvn.hotdealapp.BuildConfig
com.hotdealvn.hotdealapp.Manifest
com.hotdealvn.hotdealapp.Manifest$permission
com.hotdealvn.hotdealapp.R:
    10:10:public R()
com.hotdealvn.hotdealapp.R$animator
com.hotdealvn.hotdealapp.R$array
com.hotdealvn.hotdealapp.R$attr
com.hotdealvn.hotdealapp.R$color
com.hotdealvn.hotdealapp.R$dimen
com.hotdealvn.hotdealapp.R$drawable
com.hotdealvn.hotdealapp.R$id
com.hotdealvn.hotdealapp.R$integer
com.hotdealvn.hotdealapp.R$layout
com.hotdealvn.hotdealapp.R$menu
com.hotdealvn.hotdealapp.R$raw
com.hotdealvn.hotdealapp.R$string
com.hotdealvn.hotdealapp.R$style
com.hotdealvn.hotdealapp.R$styleable:
    2588:2588:public R$styleable()
com.hotdealvn.hotdealapp.R$xml
com.nineoldandroids.animation.Animator
com.nineoldandroids.animation.Animator$AnimatorListener
com.nineoldandroids.animation.AnimatorInflater
com.nineoldandroids.animation.AnimatorListenerAdapter
com.nineoldandroids.animation.AnimatorSet
com.nineoldandroids.animation.AnimatorSet$1
com.nineoldandroids.animation.AnimatorSet$AnimatorSetListener
com.nineoldandroids.animation.AnimatorSet$Builder
com.nineoldandroids.animation.AnimatorSet$Dependency
com.nineoldandroids.animation.AnimatorSet$DependencyListener
com.nineoldandroids.animation.AnimatorSet$Node
com.nineoldandroids.animation.ArgbEvaluator
com.nineoldandroids.animation.FloatEvaluator
com.nineoldandroids.animation.FloatKeyframeSet
com.nineoldandroids.animation.IntEvaluator
com.nineoldandroids.animation.IntKeyframeSet
com.nineoldandroids.animation.Keyframe
com.nineoldandroids.animation.Keyframe$FloatKeyframe
com.nineoldandroids.animation.Keyframe$IntKeyframe
com.nineoldandroids.animation.Keyframe$ObjectKeyframe
com.nineoldandroids.animation.KeyframeSet
com.nineoldandroids.animation.ObjectAnimator
com.nineoldandroids.animation.PreHoneycombCompat
com.nineoldandroids.animation.PreHoneycombCompat$1
com.nineoldandroids.animation.PreHoneycombCompat$10
com.nineoldandroids.animation.PreHoneycombCompat$11
com.nineoldandroids.animation.PreHoneycombCompat$12
com.nineoldandroids.animation.PreHoneycombCompat$13
com.nineoldandroids.animation.PreHoneycombCompat$14
com.nineoldandroids.animation.PreHoneycombCompat$2
com.nineoldandroids.animation.PreHoneycombCompat$3
com.nineoldandroids.animation.PreHoneycombCompat$4
com.nineoldandroids.animation.PreHoneycombCompat$5
com.nineoldandroids.animation.PreHoneycombCompat$6
com.nineoldandroids.animation.PreHoneycombCompat$7
com.nineoldandroids.animation.PreHoneycombCompat$8
com.nineoldandroids.animation.PreHoneycombCompat$9
com.nineoldandroids.animation.PropertyValuesHolder
com.nineoldandroids.animation.PropertyValuesHolder$FloatPropertyValuesHolder
com.nineoldandroids.animation.PropertyValuesHolder$IntPropertyValuesHolder
com.nineoldandroids.animation.TimeAnimator
com.nineoldandroids.animation.TimeAnimator$TimeListener
com.nineoldandroids.animation.TypeEvaluator
com.nineoldandroids.animation.ValueAnimator
com.nineoldandroids.animation.ValueAnimator$1
com.nineoldandroids.animation.ValueAnimator$2
com.nineoldandroids.animation.ValueAnimator$3
com.nineoldandroids.animation.ValueAnimator$4
com.nineoldandroids.animation.ValueAnimator$5
com.nineoldandroids.animation.ValueAnimator$AnimationHandler
com.nineoldandroids.animation.ValueAnimator$AnimatorUpdateListener
com.nineoldandroids.util.FloatProperty
com.nineoldandroids.util.IntProperty
com.nineoldandroids.util.NoSuchPropertyException
com.nineoldandroids.util.Property
com.nineoldandroids.util.ReflectiveProperty